  Altar.cpp
  AudioManager.cpp
  Bat.cpp
  BattleController.cpp
  BlueDoor.cpp
  BlueJewel.cpp
  BlueKey.cpp
  BlueMedicine.cpp
  ConsumbleItem.cpp
  Creature.cpp
  Door.cpp
  Floor.cpp
  GameManager.cpp
  GreenSlime.cpp
  IronDoor.cpp
  Main.cpp
  MapCreator.cpp
  Merchant.cpp
  Message.cpp
  Monster.cpp
  正在生成代码...
  正在编译...
  NPC.cpp
  Object.cpp
  OldMan.cpp
  Player.cpp
  Priest.cpp
  Prison.cpp
  RedDoor.cpp
  RedJewel.cpp
  RedKey.cpp
  RedMedicine.cpp
  RedSlime.cpp
  Shield.cpp
  SkeletonB.cpp
  SkeletonC.cpp
  Sword.cpp
  Theif.cpp
  TheOrbOfTheHero.cpp
  UIManager.cpp
  UseItem.cpp
  Vector2.cpp
  正在生成代码...
  正在编译...
  Vector3.cpp
  Wall.cpp
  YellowDoor.cpp
  YellowKey.cpp
  正在生成代码...
  MagicTower3D.vcxproj -> C:\Users\lliiuuy\Desktop\repository\MagicTower3D\Debug\MagicTower3D.exe
