c:\users\lliiuuy\desktop\repository\magictower3d\debug\vc142.pdb
c:\users\lliiuuy\desktop\repository\magictower3d\debug\vc142.idb
c:\users\lliiuuy\desktop\repository\magictower3d\debug\player.obj
c:\users\lliiuuy\desktop\repository\magictower3d\debug\oldman.obj
c:\users\lliiuuy\desktop\repository\magictower3d\debug\object.obj
c:\users\lliiuuy\desktop\repository\magictower3d\debug\npc.obj
c:\users\lliiuuy\desktop\repository\magictower3d\debug\monster.obj
c:\users\lliiuuy\desktop\repository\magictower3d\debug\message.obj
c:\users\lliiuuy\desktop\repository\magictower3d\debug\merchant.obj
c:\users\lliiuuy\desktop\repository\magictower3d\debug\mapcreator.obj
c:\users\lliiuuy\desktop\repository\magictower3d\debug\main.obj
c:\users\lliiuuy\desktop\repository\magictower3d\debug\irondoor.obj
c:\users\lliiuuy\desktop\repository\magictower3d\debug\greenslime.obj
c:\users\lliiuuy\desktop\repository\magictower3d\debug\door.obj
c:\users\lliiuuy\desktop\repository\magictower3d\debug\creature.obj
c:\users\lliiuuy\desktop\repository\magictower3d\debug\consumbleitem.obj
c:\users\lliiuuy\desktop\repository\magictower3d\debug\bluekey.obj
c:\users\lliiuuy\desktop\repository\magictower3d\debug\bluejewel.obj
c:\users\lliiuuy\desktop\repository\magictower3d\debug\bluedoor.obj
c:\users\lliiuuy\desktop\repository\magictower3d\debug\battlecontroller.obj
c:\users\lliiuuy\desktop\repository\magictower3d\debug\altar.obj
c:\users\lliiuuy\desktop\repository\magictower3d\debug\yellowkey.obj
c:\users\lliiuuy\desktop\repository\magictower3d\debug\yellowdoor.obj
c:\users\lliiuuy\desktop\repository\magictower3d\debug\wall.obj
c:\users\lliiuuy\desktop\repository\magictower3d\debug\vector3.obj
c:\users\lliiuuy\desktop\repository\magictower3d\debug\vector2.obj
c:\users\lliiuuy\desktop\repository\magictower3d\debug\theif.obj
c:\users\lliiuuy\desktop\repository\magictower3d\debug\sword.obj
c:\users\lliiuuy\desktop\repository\magictower3d\debug\shield.obj
c:\users\lliiuuy\desktop\repository\magictower3d\debug\redkey.obj
c:\users\lliiuuy\desktop\repository\magictower3d\debug\redjewel.obj
c:\users\lliiuuy\desktop\repository\magictower3d\debug\reddoor.obj
c:\users\lliiuuy\desktop\repository\magictower3d\debug\prison.obj
c:\users\lliiuuy\desktop\repository\magictower3d\debug\redmedicine.obj
c:\users\lliiuuy\desktop\repository\magictower3d\debug\bluemedicine.obj
c:\users\lliiuuy\desktop\repository\magictower3d\debug\floor.obj
c:\users\lliiuuy\desktop\repository\magictower3d\debug\useitem.obj
c:\users\lliiuuy\desktop\repository\magictower3d\debug\theorbofthehero.obj
c:\users\lliiuuy\desktop\repository\magictower3d\debug\bat.obj
c:\users\lliiuuy\desktop\repository\magictower3d\debug\audiomanager.obj
c:\users\lliiuuy\desktop\repository\magictower3d\debug\uimanager.obj
c:\users\lliiuuy\desktop\repository\magictower3d\debug\skeletonc.obj
c:\users\lliiuuy\desktop\repository\magictower3d\debug\skeletonb.obj
c:\users\lliiuuy\desktop\repository\magictower3d\debug\redslime.obj
c:\users\lliiuuy\desktop\repository\magictower3d\debug\priest.obj
c:\users\lliiuuy\desktop\repository\magictower3d\debug\gamemanager.obj
c:\users\lliiuuy\desktop\repository\magictower3d\debug\obstacle.obj
c:\users\lliiuuy\desktop\repository\magictower3d\debug\upstairs.obj
c:\users\lliiuuy\desktop\repository\magictower3d\debug\ironsword.obj
c:\users\lliiuuy\desktop\repository\magictower3d\debug\ironshield.obj
c:\users\lliiuuy\desktop\repository\magictower3d\debug\magictower3d.lib
c:\users\lliiuuy\desktop\repository\magictower3d\debug\magictower3d.exp
c:\users\lliiuuy\desktop\repository\magictower3d\debug\magictower3d.pdb
c:\users\lliiuuy\desktop\repository\magictower3d\debug\magictower3d.tlog\cl.command.1.tlog
c:\users\lliiuuy\desktop\repository\magictower3d\debug\magictower3d.tlog\cl.read.1.tlog
c:\users\lliiuuy\desktop\repository\magictower3d\debug\magictower3d.tlog\cl.write.1.tlog
c:\users\lliiuuy\desktop\repository\magictower3d\debug\magictower3d.tlog\link-cvtres.read.1.tlog
c:\users\lliiuuy\desktop\repository\magictower3d\debug\magictower3d.tlog\link-cvtres.write.1.tlog
c:\users\lliiuuy\desktop\repository\magictower3d\debug\magictower3d.tlog\link-rc.read.1.tlog
c:\users\lliiuuy\desktop\repository\magictower3d\debug\magictower3d.tlog\link-rc.write.1.tlog
c:\users\lliiuuy\desktop\repository\magictower3d\debug\magictower3d.tlog\link.14884-cvtres.read.1.tlog
c:\users\lliiuuy\desktop\repository\magictower3d\debug\magictower3d.tlog\link.14884-cvtres.write.1.tlog
c:\users\lliiuuy\desktop\repository\magictower3d\debug\magictower3d.tlog\link.14884-rc.read.1.tlog
c:\users\lliiuuy\desktop\repository\magictower3d\debug\magictower3d.tlog\link.14884-rc.write.1.tlog
c:\users\lliiuuy\desktop\repository\magictower3d\debug\magictower3d.tlog\link.14884.read.1.tlog
c:\users\lliiuuy\desktop\repository\magictower3d\debug\magictower3d.tlog\link.14884.write.1.tlog
c:\users\lliiuuy\desktop\repository\magictower3d\debug\magictower3d.tlog\link.command.1.tlog
c:\users\lliiuuy\desktop\repository\magictower3d\debug\magictower3d.tlog\link.delete.1.tlog
c:\users\lliiuuy\desktop\repository\magictower3d\debug\magictower3d.tlog\link.read.1.tlog
c:\users\lliiuuy\desktop\repository\magictower3d\debug\magictower3d.tlog\link.write.1.tlog
c:\users\lliiuuy\desktop\repository\magictower3d\debug\magictower3d.tlog\magictower3d.write.1u.tlog
